2014/01/02 21:43:06 [error] [php] mkdir(): Permission denied (/home/zjiodeu/public_html/www/vkmusic/protected/models/Folder.php:22)
Stack trace:
#0 /home/zjiodeu/public_html/yii/framework/web/actions/CInlineAction.php(49): SiteController->actionIndex()
#1 /home/zjiodeu/public_html/yii/framework/web/CController.php(308): CInlineAction->runWithParams()
#2 /home/zjiodeu/public_html/yii/framework/web/CController.php(286): SiteController->runAction()
#3 /home/zjiodeu/public_html/yii/framework/web/CController.php(265): SiteController->runActionWithFilters()
#4 /home/zjiodeu/public_html/yii/framework/web/CWebApplication.php(282): SiteController->run()
#5 /home/zjiodeu/public_html/yii/framework/web/CWebApplication.php(141): CWebApplication->runController()
#6 /home/zjiodeu/public_html/yii/framework/base/CApplication.php(180): CWebApplication->processRequest()
#7 /home/zjiodeu/public_html/www/vkmusic/index.php(13): CWebApplication->run()
REQUEST_URI=/
in /home/zjiodeu/public_html/www/vkmusic/protected/models/Folder.php (22)
in /home/zjiodeu/public_html/www/vkmusic/protected/controllers/SiteController.php (16)
in /home/zjiodeu/public_html/www/vkmusic/index.php (13)
2014/01/02 21:43:51 [error] [php] mkdir(): Permission denied (/home/zjiodeu/public_html/www/vkmusic/protected/models/Folder.php:22)
Stack trace:
#0 /home/zjiodeu/public_html/yii/framework/web/actions/CInlineAction.php(49): SiteController->actionIndex()
#1 /home/zjiodeu/public_html/yii/framework/web/CController.php(308): CInlineAction->runWithParams()
#2 /home/zjiodeu/public_html/yii/framework/web/CController.php(286): SiteController->runAction()
#3 /home/zjiodeu/public_html/yii/framework/web/CController.php(265): SiteController->runActionWithFilters()
#4 /home/zjiodeu/public_html/yii/framework/web/CWebApplication.php(282): SiteController->run()
#5 /home/zjiodeu/public_html/yii/framework/web/CWebApplication.php(141): CWebApplication->runController()
#6 /home/zjiodeu/public_html/yii/framework/base/CApplication.php(180): CWebApplication->processRequest()
#7 /home/zjiodeu/public_html/www/vkmusic/index.php(13): CWebApplication->run()
REQUEST_URI=/
in /home/zjiodeu/public_html/www/vkmusic/protected/models/Folder.php (22)
in /home/zjiodeu/public_html/www/vkmusic/protected/controllers/SiteController.php (16)
in /home/zjiodeu/public_html/www/vkmusic/index.php (13)
2014/01/02 21:46:08 [error] [php] mkdir(): Permission denied (/home/zjiodeu/public_html/www/vkmusic/protected/models/Folder.php:22)
Stack trace:
#0 /home/zjiodeu/public_html/yii/framework/web/actions/CInlineAction.php(49): SiteController->actionIndex()
#1 /home/zjiodeu/public_html/yii/framework/web/CController.php(308): CInlineAction->runWithParams()
#2 /home/zjiodeu/public_html/yii/framework/web/CController.php(286): SiteController->runAction()
#3 /home/zjiodeu/public_html/yii/framework/web/CController.php(265): SiteController->runActionWithFilters()
#4 /home/zjiodeu/public_html/yii/framework/web/CWebApplication.php(282): SiteController->run()
#5 /home/zjiodeu/public_html/yii/framework/web/CWebApplication.php(141): CWebApplication->runController()
#6 /home/zjiodeu/public_html/yii/framework/base/CApplication.php(180): CWebApplication->processRequest()
#7 /home/zjiodeu/public_html/www/vkmusic/index.php(13): CWebApplication->run()
REQUEST_URI=/
in /home/zjiodeu/public_html/www/vkmusic/protected/models/Folder.php (22)
in /home/zjiodeu/public_html/www/vkmusic/protected/controllers/SiteController.php (16)
in /home/zjiodeu/public_html/www/vkmusic/index.php (13)
2014/01/02 21:50:12 [error] [php] mkdir(): Permission denied (/home/zjiodeu/public_html/www/vkmusic/protected/models/Folder.php:22)
Stack trace:
#0 /home/zjiodeu/public_html/yii/framework/web/actions/CInlineAction.php(49): SiteController->actionIndex()
#1 /home/zjiodeu/public_html/yii/framework/web/CController.php(308): CInlineAction->runWithParams()
#2 /home/zjiodeu/public_html/yii/framework/web/CController.php(286): SiteController->runAction()
#3 /home/zjiodeu/public_html/yii/framework/web/CController.php(265): SiteController->runActionWithFilters()
#4 /home/zjiodeu/public_html/yii/framework/web/CWebApplication.php(282): SiteController->run()
#5 /home/zjiodeu/public_html/yii/framework/web/CWebApplication.php(141): CWebApplication->runController()
#6 /home/zjiodeu/public_html/yii/framework/base/CApplication.php(180): CWebApplication->processRequest()
#7 /home/zjiodeu/public_html/www/vkmusic/index.php(13): CWebApplication->run()
REQUEST_URI=/
in /home/zjiodeu/public_html/www/vkmusic/protected/models/Folder.php (22)
in /home/zjiodeu/public_html/www/vkmusic/protected/controllers/SiteController.php (17)
in /home/zjiodeu/public_html/www/vkmusic/index.php (13)
2014/01/02 21:55:43 [error] [php] mkdir(): Permission denied (/home/zjiodeu/public_html/www/vkmusic/protected/models/Folder.php:23)
Stack trace:
#0 /home/zjiodeu/public_html/yii/framework/web/actions/CInlineAction.php(49): SiteController->actionIndex()
#1 /home/zjiodeu/public_html/yii/framework/web/CController.php(308): CInlineAction->runWithParams()
#2 /home/zjiodeu/public_html/yii/framework/web/CController.php(286): SiteController->runAction()
#3 /home/zjiodeu/public_html/yii/framework/web/CController.php(265): SiteController->runActionWithFilters()
#4 /home/zjiodeu/public_html/yii/framework/web/CWebApplication.php(282): SiteController->run()
#5 /home/zjiodeu/public_html/yii/framework/web/CWebApplication.php(141): CWebApplication->runController()
#6 /home/zjiodeu/public_html/yii/framework/base/CApplication.php(180): CWebApplication->processRequest()
#7 /home/zjiodeu/public_html/www/vkmusic/index.php(13): CWebApplication->run()
REQUEST_URI=/
in /home/zjiodeu/public_html/www/vkmusic/protected/models/Folder.php (23)
in /home/zjiodeu/public_html/www/vkmusic/protected/controllers/SiteController.php (18)
in /home/zjiodeu/public_html/www/vkmusic/index.php (13)
2014/01/02 21:56:45 [error] [php] mkdir(): Permission denied (/home/zjiodeu/public_html/www/vkmusic/protected/models/Folder.php:23)
Stack trace:
#0 /home/zjiodeu/public_html/yii/framework/web/actions/CInlineAction.php(49): SiteController->actionIndex()
#1 /home/zjiodeu/public_html/yii/framework/web/CController.php(308): CInlineAction->runWithParams()
#2 /home/zjiodeu/public_html/yii/framework/web/CController.php(286): SiteController->runAction()
#3 /home/zjiodeu/public_html/yii/framework/web/CController.php(265): SiteController->runActionWithFilters()
#4 /home/zjiodeu/public_html/yii/framework/web/CWebApplication.php(282): SiteController->run()
#5 /home/zjiodeu/public_html/yii/framework/web/CWebApplication.php(141): CWebApplication->runController()
#6 /home/zjiodeu/public_html/yii/framework/base/CApplication.php(180): CWebApplication->processRequest()
#7 /home/zjiodeu/public_html/www/vkmusic/index.php(13): CWebApplication->run()
REQUEST_URI=/
in /home/zjiodeu/public_html/www/vkmusic/protected/models/Folder.php (23)
in /home/zjiodeu/public_html/www/vkmusic/protected/controllers/SiteController.php (18)
in /home/zjiodeu/public_html/www/vkmusic/index.php (13)
2014/01/02 21:59:16 [error] [php] mkdir(): Permission denied (/home/zjiodeu/public_html/www/vkmusic/protected/models/Folder.php:22)
Stack trace:
#0 /home/zjiodeu/public_html/yii/framework/web/actions/CInlineAction.php(49): SiteController->actionIndex()
#1 /home/zjiodeu/public_html/yii/framework/web/CController.php(308): CInlineAction->runWithParams()
#2 /home/zjiodeu/public_html/yii/framework/web/CController.php(286): SiteController->runAction()
#3 /home/zjiodeu/public_html/yii/framework/web/CController.php(265): SiteController->runActionWithFilters()
#4 /home/zjiodeu/public_html/yii/framework/web/CWebApplication.php(282): SiteController->run()
#5 /home/zjiodeu/public_html/yii/framework/web/CWebApplication.php(141): CWebApplication->runController()
#6 /home/zjiodeu/public_html/yii/framework/base/CApplication.php(180): CWebApplication->processRequest()
#7 /home/zjiodeu/public_html/www/vkmusic/index.php(13): CWebApplication->run()
REQUEST_URI=/
in /home/zjiodeu/public_html/www/vkmusic/protected/models/Folder.php (22)
in /home/zjiodeu/public_html/www/vkmusic/protected/controllers/SiteController.php (18)
in /home/zjiodeu/public_html/www/vkmusic/index.php (13)
